<?xml version="1.0" encoding="UTF-8"?>
<!-- Generated by org.testng.reporters.JUnitXMLReporter -->
<testsuite hostname="HMECD000521" ignored="5" name="Grouping" tests="3" failures="0" timestamp="04 Dec 2019 06:54:46 GMT" time="0.011" errors="0">
  <testcase name="Democlass2" time="0.002" classname="test.demo1"/>
  <testcase name="MobHomeLoan" time="0.002" classname="test.demo3"/>
  <testcase name="WebCarLoan" time="0.001" classname="test.demo4"/>
  <testcase name="WebHomeLoan" time="0.0" classname="test.demo3">
    <ignored/>
  </testcase> <!-- WebHomeLoan -->
  <testcase name="Democlass1" time="0.0" classname="test.demo1">
    <ignored/>
  </testcase> <!-- Democlass1 -->
  <testcase name="APIHomeLoan" time="0.0" classname="test.demo3">
    <ignored/>
  </testcase> <!-- APIHomeLoan -->
  <testcase name="MobCarLoan" time="0.0" classname="test.demo4">
    <ignored/>
  </testcase> <!-- MobCarLoan -->
  <testcase name="Democlass3" time="0.0" classname="test.demo2">
    <ignored/>
  </testcase> <!-- Democlass3 -->
</testsuite> <!-- Grouping -->
