<?xml version="1.0" encoding="UTF-8"?>
<!-- Generated by org.testng.reporters.JUnitXMLReporter -->
<testsuite hostname="HMECD000521" ignored="1" name="Personal Loan" tests="5" failures="0" timestamp="04 Dec 2019 07:06:23 GMT" time="0.059" errors="0">
  <testcase name="Democlass1" time="0.009" classname="test.demo1"/>
  <testcase name="Democlass2" time="0.003" classname="test.demo1"/>
  <testcase name="Democlass3" time="0.002" classname="test.demo2"/>
  <testcase name="MobHomeLoan" time="0.002" classname="test.demo3"/>
  <testcase name="WebHomeLoan" time="0.003" classname="test.demo3"/>
  <testcase name="APIHomeLoan" time="0.0" classname="test.demo3">
    <ignored/>
  </testcase> <!-- APIHomeLoan -->
</testsuite> <!-- Personal Loan -->
